<?xml version="1.0" encoding="UTF-8"?>
<!-- Generated by org.testng.reporters.JUnitReportReporter -->
<testsuite hostname="DESKTOP-RJ6DHNB" failures="0" tests="1" name="com.jenkinsDemo.org.JenkinsDemo.Jenkins_1" time="0.025" errors="0" timestamp="2020-08-29T19:07:46 IST" skipped="0">
  <testcase classname="com.jenkinsDemo.org.JenkinsDemo.Jenkins_1" name="test" time="0.025"/>
</testsuite> <!-- com.jenkinsDemo.org.JenkinsDemo.Jenkins_1 -->
