<?xml version="1.0" encoding="UTF-8"?>
<!-- Generated by org.testng.reporters.JUnitReportReporter -->
<testsuite hostname="DESKTOP-RJ6DHNB" failures="0" tests="1" name="com.jenkinsDemo.org.JenkinsDemo.JenkinsDemoTest" time="0.013" errors="0" timestamp="2020-08-30T10:03:44 IST" skipped="0">
  <testcase classname="com.jenkinsDemo.org.JenkinsDemo.JenkinsDemoTest" name="test" time="0.013"/>
</testsuite> <!-- com.jenkinsDemo.org.JenkinsDemo.JenkinsDemoTest -->
